Automated update on Wed Feb 12 11:53:33 UTC 2025
Automated update on Thu Feb 13 02:58:30 UTC 2025
Automated update on Thu Feb 13 02:59:43 UTC 2025
Automated update on Thu Feb 13 03:00:27 UTC 2025
Automated update on Thu Feb 13 03:00:37 UTC 2025
Automated update on Fri Feb 14 02:57:51 UTC 2025
Automated update on Fri Feb 14 02:59:19 UTC 2025
Automated update on Fri Feb 14 03:00:00 UTC 2025
Automated update on Sat Feb 15 02:57:12 UTC 2025
Automated update on Sat Feb 15 02:58:38 UTC 2025
Automated update on Sat Feb 15 02:59:21 UTC 2025
Automated update on Sun Feb 16 03:02:20 UTC 2025
Automated update on Sun Feb 16 03:03:52 UTC 2025
Automated update on Sun Feb 16 03:04:29 UTC 2025
Automated update on Mon Feb 17 03:01:49 UTC 2025
Automated update on Mon Feb 17 03:03:09 UTC 2025
Automated update on Mon Feb 17 03:03:46 UTC 2025
Automated update on Tue Feb 18 02:57:09 UTC 2025
Automated update on Tue Feb 18 02:58:38 UTC 2025
Automated update on Tue Feb 18 02:59:28 UTC 2025
Automated update on Wed Feb 19 02:59:01 UTC 2025
